./chob_35-2013-58473_1920x1200.png uc=310652
50 -> .047395
100 -> .120565
----------------
80 -> .223865
92 -> .227364
87 -> .238016
90 -> .235195
89 -> .237115
88 -> .237438
----------------
87 -> .238016
Before:2516KB After:361KB Saved:2155KB(85%)

./chob_35-2013-73415.png uc=227712
50 -> .066001
100 -> .160018
----------------
80 -> .247935
92 -> .265120
87 -> .269140
90 -> .269948
89 -> .271211
----------------
89 -> .271211
Before:1727KB After:212KB Saved:1515KB(87%)

./chob_35-2013-73716.png uc=198601
50 -> .048064
100 -> .218038
----------------
80 -> .240648
92 -> .283452
87 -> .273198
90 -> .280071
91 -> .284362
----------------
91 -> .284362
Before:2254KB After:238KB Saved:2016KB(89%)

./chob_35-2013-58463_1920x1170.png uc=172934
50 -> .066601
100 -> .132272
----------------
80 -> .233852
92 -> .231693
87 -> .245876
84 -> .243820
86 -> .246258
----------------
86 -> .246258
Before:1328KB After:132KB Saved:1196KB(90%)
